2026-04-22T18:41:50.442326Z	Cloning repository...
2026-04-22T18:41:52.188701Z	From https://github.com/sanjiu2024/Mizuki
2026-04-22T18:41:52.189079Z	 * branch            07f603d9748e6254c6ae743353bad8b6bf5674bc -> FETCH_HEAD
2026-04-22T18:41:52.189185Z	
2026-04-22T18:41:52.524851Z	HEAD is now at 07f603d 修复123云盘无法下载的bug
2026-04-22T18:41:52.52529Z	
2026-04-22T18:41:52.569692Z	
2026-04-22T18:41:52.570164Z	Using v2 root directory strategy
2026-04-22T18:41:52.586741Z	Success: Finished cloning repository files
2026-04-22T18:41:54.555306Z	Checking for configuration in a Wrangler configuration file (BETA)
2026-04-22T18:41:54.555904Z	
2026-04-22T18:41:54.556151Z	Found wrangler.toml file. Reading build configuration...
2026-04-22T18:41:55.65562Z	A Wrangler configuration file was found but it does not appear to be valid. Did you mean to use wrangler.toml to configure Pages? If so, then make sure the file is valid and contains the `pages_build_output_dir` property. Skipping file and continuing.
2026-04-22T18:41:55.828966Z	Detected the following tools from environment: pnpm@10.33.0, nodejs@22.16.0
2026-04-22T18:41:56.519679Z	Preparing pnpm@10.33.0 for immediate activation...
2026-04-22T18:41:58.352641Z	Installing project dependencies: pnpm install
2026-04-22T18:41:58.878443Z	Lockfile is up to date, resolution step is skipped
2026-04-22T18:41:58.975382Z	Progress: resolved 1, reused 0, downloaded 0, added 0
2026-04-22T18:41:59.117046Z	Packages: +1400
2026-04-22T18:41:59.117626Z	++++++++++++++++++++++++++++++++++++++++++++++++++++++++++++++++++++++++++++++++
2026-04-22T18:41:59.978434Z	Progress: resolved 1400, reused 0, downloaded 116, added 72
2026-04-22T18:42:00.976448Z	Progress: resolved 1400, reused 0, downloaded 396, added 329
2026-04-22T18:42:01.976551Z	Progress: resolved 1400, reused 0, downloaded 675, added 670
2026-04-22T18:42:02.976776Z	Progress: resolved 1400, reused 0, downloaded 986, added 933
2026-04-22T18:42:03.97687Z	Progress: resolved 1400, reused 0, downloaded 1335, added 1334
2026-04-22T18:42:04.667402Z	Progress: resolved 1400, reused 0, downloaded 1400, added 1400, done
2026-04-22T18:42:05.080073Z	.../sharp@0.34.5/node_modules/sharp install$ node install/check.js || npm run build
2026-04-22T18:42:05.081504Z	.../node_modules/ttf2woff2 install$ ((node-gyp configure && node-gyp build) > builderror.log) || (exit 0)
2026-04-22T18:42:05.082256Z	.../esbuild@0.27.7/node_modules/esbuild postinstall$ node install.js
2026-04-22T18:42:05.183763Z	.../esbuild@0.27.7/node_modules/esbuild postinstall: Done
2026-04-22T18:42:05.201929Z	.../node_modules/ttf2woff2 install: gyp info it worked if it ends with ok
2026-04-22T18:42:05.202218Z	.../node_modules/ttf2woff2 install: gyp info using node-gyp@9.4.1
2026-04-22T18:42:05.202278Z	.../node_modules/ttf2woff2 install: gyp info using node@22.16.0 | linux | x64
2026-04-22T18:42:05.235316Z	.../sharp@0.34.5/node_modules/sharp install: Done
2026-04-22T18:42:05.252661Z	.../node_modules/ttf2woff2 install: (node:1261) [DEP0060] DeprecationWarning: The `util._extend` API is deprecated. Please use Object.assign() instead.
2026-04-22T18:42:05.253002Z	.../node_modules/ttf2woff2 install: (Use `node --trace-deprecation ...` to show where the warning was created)
2026-04-22T18:42:05.449038Z	.../node_modules/ttf2woff2 install: gyp info find Python using Python version 3.13.3 found at "/opt/buildhome/.asdf/installs/python/3.13.3/bin/python3"
2026-04-22T18:42:05.58153Z	.../node_modules/ttf2woff2 install: gyp http GET https://nodejs.org/download/release/v22.16.0/node-v22.16.0-headers.tar.gz
2026-04-22T18:42:05.662672Z	.../node_modules/ttf2woff2 install: gyp http 200 https://nodejs.org/download/release/v22.16.0/node-v22.16.0-headers.tar.gz
2026-04-22T18:42:07.017106Z	.../node_modules/ttf2woff2 install: gyp http GET https://nodejs.org/download/release/v22.16.0/SHASUMS256.txt
2026-04-22T18:42:07.042745Z	.../node_modules/ttf2woff2 install: gyp http 200 https://nodejs.org/download/release/v22.16.0/SHASUMS256.txt
2026-04-22T18:42:07.051253Z	.../node_modules/ttf2woff2 install: gyp info spawn /opt/buildhome/.asdf/installs/python/3.13.3/bin/python3
2026-04-22T18:42:07.051849Z	.../node_modules/ttf2woff2 install: gyp info spawn args [
2026-04-22T18:42:07.052254Z	.../node_modules/ttf2woff2 install: gyp info spawn args   '/opt/buildhome/repo/node_modules/.pnpm/node-gyp@9.4.1/node_modules/node-gyp/gyp/gyp_main.py',
2026-04-22T18:42:07.052319Z	.../node_modules/ttf2woff2 install: gyp info spawn args   'binding.gyp',
2026-04-22T18:42:07.052354Z	.../node_modules/ttf2woff2 install: gyp info spawn args   '-f',
2026-04-22T18:42:07.052384Z	.../node_modules/ttf2woff2 install: gyp info spawn args   'make',
2026-04-22T18:42:07.052422Z	.../node_modules/ttf2woff2 install: gyp info spawn args   '-I',
2026-04-22T18:42:07.052454Z	.../node_modules/ttf2woff2 install: gyp info spawn args   '/opt/buildhome/repo/node_modules/.pnpm/ttf2woff2@4.0.5/node_modules/ttf2woff2/build/config.gypi',
2026-04-22T18:42:07.052488Z	.../node_modules/ttf2woff2 install: gyp info spawn args   '-I',
2026-04-22T18:42:07.052521Z	.../node_modules/ttf2woff2 install: gyp info spawn args   '/opt/buildhome/repo/node_modules/.pnpm/node-gyp@9.4.1/node_modules/node-gyp/addon.gypi',
2026-04-22T18:42:07.052549Z	.../node_modules/ttf2woff2 install: gyp info spawn args   '-I',
2026-04-22T18:42:07.053007Z	.../node_modules/ttf2woff2 install: gyp info spawn args   '/opt/buildhome/.cache/node-gyp/22.16.0/include/node/common.gypi',
2026-04-22T18:42:07.053358Z	.../node_modules/ttf2woff2 install: gyp info spawn args   '-Dlibrary=shared_library',
2026-04-22T18:42:07.053429Z	.../node_modules/ttf2woff2 install: gyp info spawn args   '-Dvisibility=default',
2026-04-22T18:42:07.05347Z	.../node_modules/ttf2woff2 install: gyp info spawn args   '-Dnode_root_dir=/opt/buildhome/.cache/node-gyp/22.16.0',
2026-04-22T18:42:07.053511Z	.../node_modules/ttf2woff2 install: gyp info spawn args   '-Dnode_gyp_dir=/opt/buildhome/repo/node_modules/.pnpm/node-gyp@9.4.1/node_modules/node-gyp',
2026-04-22T18:42:07.053542Z	.../node_modules/ttf2woff2 install: gyp info spawn args   '-Dnode_lib_file=/opt/buildhome/.cache/node-gyp/22.16.0/<(target_arch)/node.lib',
2026-04-22T18:42:07.053639Z	.../node_modules/ttf2woff2 install: gyp info spawn args   '-Dmodule_root_dir=/opt/buildhome/repo/node_modules/.pnpm/ttf2woff2@4.0.5/node_modules/ttf2woff2',
2026-04-22T18:42:07.053705Z	.../node_modules/ttf2woff2 install: gyp info spawn args   '-Dnode_engine=v8',
2026-04-22T18:42:07.053763Z	.../node_modules/ttf2woff2 install: gyp info spawn args   '--depth=.',
2026-04-22T18:42:07.053796Z	.../node_modules/ttf2woff2 install: gyp info spawn args   '--no-parallel',
2026-04-22T18:42:07.053831Z	.../node_modules/ttf2woff2 install: gyp info spawn args   '--generator-output',
2026-04-22T18:42:07.053919Z	.../node_modules/ttf2woff2 install: gyp info spawn args   'build',
2026-04-22T18:42:07.054604Z	.../node_modules/ttf2woff2 install: gyp info spawn args   '-Goutput_dir=.'
2026-04-22T18:42:07.054761Z	.../node_modules/ttf2woff2 install: gyp info spawn args ]
2026-04-22T18:42:07.195288Z	.../node_modules/ttf2woff2 install: Traceback (most recent call last):
2026-04-22T18:42:07.195598Z	.../node_modules/ttf2woff2 install:   File "/opt/buildhome/repo/node_modules/.pnpm/node-gyp@9.4.1/node_modules/node-gyp/gyp/gyp_main.py", line 42, in <module>
2026-04-22T18:42:07.195647Z	.../node_modules/ttf2woff2 install:     import gyp  # noqa: E402
2026-04-22T18:42:07.195683Z	.../node_modules/ttf2woff2 install:     ^^^^^^^^^^
2026-04-22T18:42:07.196172Z	.../node_modules/ttf2woff2 install:   File "/opt/buildhome/repo/node_modules/.pnpm/node-gyp@9.4.1/node_modules/node-gyp/gyp/pylib/gyp/__init__.py", line 9, in <module>
2026-04-22T18:42:07.196263Z	.../node_modules/ttf2woff2 install:     import gyp.input
2026-04-22T18:42:07.196303Z	.../node_modules/ttf2woff2 install:   File "/opt/buildhome/repo/node_modules/.pnpm/node-gyp@9.4.1/node_modules/node-gyp/gyp/pylib/gyp/input.py", line 19, in <module>
2026-04-22T18:42:07.196891Z	.../node_modules/ttf2woff2 install:     from distutils.version import StrictVersion
2026-04-22T18:42:07.197723Z	.../node_modules/ttf2woff2 install: ModuleNotFoundError: No module named 'distutils'
2026-04-22T18:42:07.209745Z	.../node_modules/ttf2woff2 install: gyp ERR! configure error 
2026-04-22T18:42:07.210193Z	.../node_modules/ttf2woff2 install: gyp ERR! stack Error: `gyp` failed with exit code: 1
2026-04-22T18:42:07.210418Z	.../node_modules/ttf2woff2 install: gyp ERR! stack     at ChildProcess.onCpExit (/opt/buildhome/repo/node_modules/.pnpm/node-gyp@9.4.1/node_modules/node-gyp/lib/configure.js:325:16)
2026-04-22T18:42:07.210568Z	.../node_modules/ttf2woff2 install: gyp ERR! stack     at ChildProcess.emit (node:events:518:28)
2026-04-22T18:42:07.210673Z	.../node_modules/ttf2woff2 install: gyp ERR! stack     at ChildProcess._handle.onexit (node:internal/child_process:293:12)
2026-04-22T18:42:07.210906Z	.../node_modules/ttf2woff2 install: gyp ERR! System Linux 6.12.71-cloudflare-firecracker-2026.2.25
2026-04-22T18:42:07.211486Z	.../node_modules/ttf2woff2 install: gyp ERR! command "/opt/buildhome/.asdf/installs/nodejs/22.16.0/bin/node" "/opt/buildhome/repo/node_modules/.pnpm/node-gyp@9.4.1/node_modules/node-gyp/bin/node-gyp.js" "configure"
2026-04-22T18:42:07.211737Z	.../node_modules/ttf2woff2 install: gyp ERR! cwd /opt/buildhome/repo/node_modules/.pnpm/ttf2woff2@4.0.5/node_modules/ttf2woff2
2026-04-22T18:42:07.211823Z	.../node_modules/ttf2woff2 install: gyp ERR! node -v v22.16.0
2026-04-22T18:42:07.211881Z	.../node_modules/ttf2woff2 install: gyp ERR! node-gyp -v v9.4.1
2026-04-22T18:42:07.212075Z	.../node_modules/ttf2woff2 install: gyp ERR! not ok 
2026-04-22T18:42:07.221493Z	.../node_modules/ttf2woff2 install: Done
2026-04-22T18:42:07.365179Z	
2026-04-22T18:42:07.365497Z	dependencies:
2026-04-22T18:42:07.365585Z	+ @astrojs/check 0.9.8
2026-04-22T18:42:07.365647Z	+ @astrojs/mdx 5.0.3
2026-04-22T18:42:07.3657Z	+ @astrojs/rss 4.0.18
2026-04-22T18:42:07.365775Z	+ @astrojs/sitemap 3.7.2
2026-04-22T18:42:07.365894Z	+ @astrojs/svelte 8.0.4
2026-04-22T18:42:07.365971Z	+ @expressive-code/core 0.41.7
2026-04-22T18:42:07.366052Z	+ @expressive-code/plugin-collapsible-sections 0.41.7
2026-04-22T18:42:07.366131Z	+ @expressive-code/plugin-line-numbers 0.41.7
2026-04-22T18:42:07.366604Z	+ @fancyapps/ui 6.1.13
2026-04-22T18:42:07.366808Z	+ @fontsource-variable/jetbrains-mono 5.2.8
2026-04-22T18:42:07.36703Z	+ @fontsource/roboto 5.2.10
2026-04-22T18:42:07.36708Z	+ @iconify/svelte 5.2.1
2026-04-22T18:42:07.367148Z	+ @swup/astro 1.8.0
2026-04-22T18:42:07.36725Z	+ @tailwindcss/typography 0.5.19
2026-04-22T18:42:07.367287Z	+ @tailwindcss/vite 4.2.2
2026-04-22T18:42:07.367321Z	+ astro 6.1.2
2026-04-22T18:42:07.367351Z	+ astro-expressive-code 0.41.7
2026-04-22T18:42:07.367384Z	+ astro-icon 1.1.5
2026-04-22T18:42:07.367427Z	+ axios 1.15.0
2026-04-22T18:42:07.367454Z	+ crypto-js 4.2.0
2026-04-22T18:42:07.367482Z	+ dayjs 1.11.20
2026-04-22T18:42:07.367512Z	+ hastscript 9.0.1
2026-04-22T18:42:07.367538Z	+ katex 0.16.45
2026-04-22T18:42:07.36757Z	+ markdown-it 14.1.1
2026-04-22T18:42:07.367597Z	+ marked 16.4.2
2026-04-22T18:42:07.367632Z	+ node-html-parser 7.1.0
2026-04-22T18:42:07.367684Z	+ oddmisc 1.1.6
2026-04-22T18:42:07.367725Z	+ overlayscrollbars 2.15.1
2026-04-22T18:42:07.368027Z	+ pagefind 1.5.2
2026-04-22T18:42:07.368226Z	+ qrcode 1.5.4
2026-04-22T18:42:07.368305Z	+ reading-time 1.5.0
2026-04-22T18:42:07.368401Z	+ rehype-autolink-headings 7.1.0
2026-04-22T18:42:07.368627Z	+ rehype-components 0.3.0
2026-04-22T18:42:07.368786Z	+ rehype-external-links 3.0.0
2026-04-22T18:42:07.368846Z	+ rehype-katex 7.0.1
2026-04-22T18:42:07.368891Z	+ rehype-slug 6.0.0
2026-04-22T18:42:07.368933Z	+ remark-directive 3.0.1
2026-04-22T18:42:07.369155Z	+ remark-directive-rehype 0.4.2
2026-04-22T18:42:07.369245Z	+ remark-math 6.0.0
2026-04-22T18:42:07.369389Z	+ remark-sectionize 2.1.0
2026-04-22T18:42:07.369635Z	+ sanitize-html 2.17.3
2026-04-22T18:42:07.369699Z	+ satori 0.26.0
2026-04-22T18:42:07.370007Z	+ sharp 0.34.5
2026-04-22T18:42:07.370264Z	+ stylus 0.64.0
2026-04-22T18:42:07.370334Z	+ svelte 5.55.4
2026-04-22T18:42:07.370374Z	+ tailwindcss 4.2.2
2026-04-22T18:42:07.370412Z	+ typescript 5.9.3
2026-04-22T18:42:07.370441Z	+ unist-util-visit 5.1.0
2026-04-22T18:42:07.370669Z	
2026-04-22T18:42:07.370732Z	devDependencies:
2026-04-22T18:42:07.370795Z	+ @astrojs/ts-plugin 1.10.7
2026-04-22T18:42:07.370957Z	+ @eslint/js 10.0.1
2026-04-22T18:42:07.371336Z	+ @iconify-json/fa7-brands 1.2.2
2026-04-22T18:42:07.371462Z	+ @iconify-json/fa7-regular 1.2.3
2026-04-22T18:42:07.371554Z	+ @iconify-json/fa7-solid 1.2.4
2026-04-22T18:42:07.371941Z	+ @iconify-json/material-symbols 1.2.67
2026-04-22T18:42:07.372033Z	+ @iconify-json/mdi 1.2.3
2026-04-22T18:42:07.372092Z	+ @iconify-json/simple-icons 1.2.79
2026-04-22T18:42:07.372359Z	+ @rollup/plugin-yaml 4.1.2
2026-04-22T18:42:07.372561Z	+ @types/hast 3.0.4
2026-04-22T18:42:07.372702Z	+ @types/markdown-it 14.1.2
2026-04-22T18:42:07.372785Z	+ @types/mdast 4.0.4
2026-04-22T18:42:07.372913Z	+ @types/qrcode 1.5.6
2026-04-22T18:42:07.373146Z	+ @types/sanitize-html 2.16.1
2026-04-22T18:42:07.373212Z	+ astro-eslint-parser 1.4.0
2026-04-22T18:42:07.373265Z	+ eslint 10.2.1
2026-04-22T18:42:07.373316Z	+ eslint-plugin-astro 1.7.0
2026-04-22T18:42:07.373365Z	+ eslint-plugin-import 2.32.0
2026-04-22T18:42:07.373414Z	+ eslint-plugin-simple-import-sort 12.1.1
2026-04-22T18:42:07.37347Z	+ eslint-plugin-svelte 3.17.0
2026-04-22T18:42:07.373545Z	+ fontmin 1.1.1
2026-04-22T18:42:07.373632Z	+ glob 13.0.6
2026-04-22T18:42:07.373736Z	+ globals 17.5.0
2026-04-22T18:42:07.374143Z	+ postcss-import 16.1.1
2026-04-22T18:42:07.374234Z	+ postcss-nesting 14.0.0
2026-04-22T18:42:07.374494Z	+ prettier 3.8.3
2026-04-22T18:42:07.374682Z	+ prettier-plugin-astro 0.14.1
2026-04-22T18:42:07.374872Z	+ prettier-plugin-svelte 3.5.1
2026-04-22T18:42:07.375049Z	+ svelte-eslint-parser 1.6.0
2026-04-22T18:42:07.375268Z	+ typescript-eslint 8.58.2
2026-04-22T18:42:07.375439Z	
2026-04-22T18:42:07.427148Z	Done in 8.8s using pnpm v10.33.0
2026-04-22T18:42:07.482135Z	Executing user command: pnpm i && pnpm build
2026-04-22T18:42:08.135206Z	Lockfile is up to date, resolution step is skipped
2026-04-22T18:42:08.307035Z	Already up to date
2026-04-22T18:42:09.005589Z	
2026-04-22T18:42:09.042903Z	Done in 1.3s using pnpm v10.33.0
2026-04-22T18:42:09.543399Z	
2026-04-22T18:42:09.54369Z	> mizuki@9.0 prebuild /opt/buildhome/repo
2026-04-22T18:42:09.543749Z	> node scripts/sync-content.js || true
2026-04-22T18:42:09.543782Z	
2026-04-22T18:42:09.595802Z	已加载 .env 配置文件
2026-04-22T18:42:09.596235Z	
2026-04-22T18:42:09.5963Z	开始同步内容...
2026-04-22T18:42:09.596338Z	
2026-04-22T18:42:09.596379Z	内容目录不存在：/opt/buildhome/repo/content
2026-04-22T18:42:09.596426Z	将使用独立仓库模式
2026-04-22T18:42:09.59646Z	提示：请设置 CONTENT_REPO_URL 环境变量，或手动创建内容目录
2026-04-22T18:42:09.597849Z	警告：未设置 CONTENT_REPO_URL，将使用本地内容
2026-04-22T18:42:09.603603Z	
2026-04-22T18:42:09.603896Z	> mizuki@9.0 build /opt/buildhome/repo
2026-04-22T18:42:09.604101Z	> node scripts/update-anime.mjs && astro build && pagefind --site dist && node scripts/compress-fonts.js
2026-04-22T18:42:09.604198Z	
2026-04-22T18:42:09.653553Z	Anime mode is "local", skipping data update.
2026-04-22T18:42:12.969589Z	[31m[NoAdapterInstalled][39m Cannot use server-rendered pages without an adapter. Please install and configure the appropriate server adapter for your final deployment.
2026-04-22T18:42:12.969913Z	  [1mHint:[22m
2026-04-22T18:42:12.96998Z	[33m    See [4mhttps://docs.astro.build/en/guides/on-demand-rendering/[24m for more information.[39m
2026-04-22T18:42:12.970028Z	  [1mError reference:[22m
2026-04-22T18:42:12.97007Z	    [36m[4mhttps://docs.astro.build/en/reference/errors/no-adapter-installed/[24m[39m
2026-04-22T18:42:12.970194Z	  [1mLocation:[22m
2026-04-22T18:42:12.970249Z	    [4m/opt/buildhome/repo/node_modules/.pnpm/astro@6.1.2_@types+node@25.6.0_jiti@2.6.1_lightningcss@1.32.0_rollup@2.80.0_stylus@0.64_93e03a0a59d78979902e9425b38c03a3/node_modules/astro/dist/core/build/index.js:87:13[24m
2026-04-22T18:42:12.970291Z	  [1mStack trace:[22m
2026-04-22T18:42:12.970563Z	[2m    at AstroBuilder.setup (file:///opt/buildhome/repo/node_modules/.pnpm/astro@6.1.2_@types+node@25.6.0_jiti@2.6.1_lightningcss@1.32.0_rollup@2.80.0_stylus@0.64_93e03a0a59d78979902e9425b38c03a3/node_modules/astro/dist/core/build/index.js:87:13)
2026-04-22T18:42:12.970891Z	    at async build (file:///opt/buildhome/repo/node_modules/.pnpm/astro@6.1.2_@types+node@25.6.0_jiti@2.6.1_lightningcss@1.32.0_rollup@2.80.0_stylus@0.64_93e03a0a59d78979902e9425b38c03a3/node_modules/astro/dist/core/build/index.js:48:3)
2026-04-22T18:42:12.971015Z	    at async runCommand (file:///opt/buildhome/repo/node_modules/.pnpm/astro@6.1.2_@types+node@25.6.0_jiti@2.6.1_lightningcss@1.32.0_rollup@2.80.0_stylus@0.64_93e03a0a59d78979902e9425b38c03a3/node_modules/astro/dist/cli/index.js:206:7)[22m
2026-04-22T18:42:13.061742Z	 ELIFECYCLE  Command failed with exit code 1.
2026-04-22T18:42:13.093827Z	Failed: Error while executing user command. Exited with error code: 1
2026-04-22T18:42:13.101069Z	Failed: build command exited with code: 1
2026-04-22T18:42:13.836032Z	Failed: error occurred while running build command